\BOOKMARK [1][-]{section.1}{Basics}{}% 1
\BOOKMARK [2][-]{subsection.1.1}{Model types}{section.1}% 2
\BOOKMARK [2][-]{subsection.1.2}{Parametric model}{section.1}% 3
\BOOKMARK [3][-]{subsubsection.1.2.1}{Forward causality}{subsection.1.2}% 4
\BOOKMARK [3][-]{subsubsection.1.2.2}{Backward causality}{subsection.1.2}% 5
\BOOKMARK [2][-]{subsection.1.3}{Non parametric model}{section.1}% 6
\BOOKMARK [2][-]{subsection.1.4}{Relevant dynamics}{section.1}% 7
\BOOKMARK [1][-]{section.2}{Modelling methodology}{}% 8
\BOOKMARK [2][-]{subsection.2.1}{Normalization}{section.2}% 9
\BOOKMARK [2][-]{subsection.2.2}{Linearization}{section.2}% 10
\BOOKMARK [2][-]{subsection.2.3}{Example: Water Tank}{section.2}% 11
\BOOKMARK [1][-]{section.3}{Mechanical Systems: Energy and Power}{}% 12
\BOOKMARK [2][-]{subsection.3.1}{Example: Train}{section.3}% 13
\BOOKMARK [2][-]{subsection.3.2}{Example: Vehicle}{section.3}% 14
\BOOKMARK [2][-]{subsection.3.3}{Example: Nonlinear Pendulum}{section.3}% 15
\BOOKMARK [2][-]{subsection.3.4}{Example: Gas Turbine}{section.3}% 16
\BOOKMARK [1][-]{section.4}{Lagrange Formalism}{}% 17
\BOOKMARK [2][-]{subsection.4.1}{Recipe}{section.4}% 18
\BOOKMARK [2][-]{subsection.4.2}{Example: Pendulum on a Cart}{section.4}% 19
\BOOKMARK [2][-]{subsection.4.3}{Lagrange Equations for Constrained Systems}{section.4}% 20
\BOOKMARK [3][-]{subsubsection.4.3.1}{Example: Ball on Wheel}{subsection.4.3}% 21
\BOOKMARK [1][-]{section.5}{Hydraulic Systems}{}% 22
\BOOKMARK [2][-]{subsection.5.1}{Water duct}{section.5}% 23
\BOOKMARK [3][-]{subsubsection.5.1.1}{Example: Compressibility in Downpipe \(HEPP\)}{subsection.5.1}% 24
\BOOKMARK [3][-]{subsubsection.5.1.2}{Example: Downpipe of a HEPP}{subsection.5.1}% 25
\BOOKMARK [2][-]{subsection.5.2}{Compressibility}{section.5}% 26
\BOOKMARK [2][-]{subsection.5.3}{Pelton Turbine}{section.5}% 27
\BOOKMARK [1][-]{section.6}{Electric Systems}{}% 28
\BOOKMARK [2][-]{subsection.6.1}{RLC-Networks}{section.6}% 29
\BOOKMARK [2][-]{subsection.6.2}{Lorentz \046 Faraday}{section.6}% 30
\BOOKMARK [2][-]{subsection.6.3}{Example: Loudspeaker}{section.6}% 31
\BOOKMARK [1][-]{section.7}{Thermodynamic Systems}{}% 32
\BOOKMARK [2][-]{subsection.7.1}{Internal Energy}{section.7}% 33
\BOOKMARK [2][-]{subsection.7.2}{Enthalpy}{section.7}% 34
\BOOKMARK [2][-]{subsection.7.3}{Ideal gases}{section.7}% 35
\BOOKMARK [3][-]{subsubsection.7.3.1}{Adiabatic process}{subsection.7.3}% 36
\BOOKMARK [2][-]{subsection.7.4}{Heat Transfer}{section.7}% 37
\BOOKMARK [2][-]{subsection.7.5}{Example: Stirred Reactor System}{section.7}% 38
\BOOKMARK [2][-]{subsection.7.6}{Example: Heat exchanger}{section.7}% 39
\BOOKMARK [2][-]{subsection.7.7}{Example: Gas receiver}{section.7}% 40
\BOOKMARK [2][-]{subsection.7.8}{Conservation of Energy, 1. Principle}{section.7}% 41
\BOOKMARK [2][-]{subsection.7.9}{2. Principle \(Entropy\)}{section.7}% 42
\BOOKMARK [2][-]{subsection.7.10}{Isentropic process for a perfect gas}{section.7}% 43
\BOOKMARK [1][-]{section.8}{Valves}{}% 44
\BOOKMARK [2][-]{subsection.8.1}{Incompressible}{section.8}% 45
\BOOKMARK [2][-]{subsection.8.2}{Compressible}{section.8}% 46
\BOOKMARK [2][-]{subsection.8.3}{Gasturbine}{section.8}% 47
\BOOKMARK [2][-]{subsection.8.4}{Compressor}{section.8}% 48
\BOOKMARK [1][-]{section.9}{Chemical systems}{}% 49
\BOOKMARK [2][-]{subsection.9.1}{Example: Continuously stirred tank reactor}{section.9}% 50
\BOOKMARK [1][-]{section.10}{Model Parametrization}{}% 51
\BOOKMARK [2][-]{subsection.10.1}{Planning experiments}{section.10}% 52
\BOOKMARK [2][-]{subsection.10.2}{Least squares estimation}{section.10}% 53
\BOOKMARK [2][-]{subsection.10.3}{Iterative Least Squares}{section.10}% 54
\BOOKMARK [3][-]{subsubsection.10.3.1}{Matrix inversion Lemma}{subsection.10.3}% 55
\BOOKMARK [2][-]{subsection.10.4}{Exponential Forgetting}{section.10}% 56
\BOOKMARK [2][-]{subsection.10.5}{Simplified Recursive LS Algorithm}{section.10}% 57
\BOOKMARK [1][-]{section.11}{Analysis of Linear Systems}{}% 58
\BOOKMARK [2][-]{subsection.11.1}{Normalization}{section.11}% 59
\BOOKMARK [2][-]{subsection.11.2}{Linearisation}{section.11}% 60
\BOOKMARK [2][-]{subsection.11.3}{Stabilty}{section.11}% 61
\BOOKMARK [3][-]{subsubsection.11.3.1}{Lyapunov Stability}{subsection.11.3}% 62
\BOOKMARK [3][-]{subsubsection.11.3.2}{Eigenvalues}{subsection.11.3}% 63
\BOOKMARK [2][-]{subsection.11.4}{Continuous time transition matrix}{section.11}% 64
\BOOKMARK [2][-]{subsection.11.5}{Reachability}{section.11}% 65
\BOOKMARK [2][-]{subsection.11.6}{Controllability}{section.11}% 66
\BOOKMARK [1][-]{section.12}{Balance Realization}{}% 67
\BOOKMARK [2][-]{subsection.12.1}{Hurwitz systems}{section.12}% 68
\BOOKMARK [1][-]{section.13}{Order reduction}{}% 69
\BOOKMARK [2][-]{subsubsection.13.0.1}{Calculation of the DC-Gain}{section.13}% 70
\BOOKMARK [2][-]{subsection.13.1}{Singular perturbation}{section.13}% 71
\BOOKMARK [2][-]{subsection.13.2}{Example: Equation of eliminated state}{section.13}% 72
\BOOKMARK [1][-]{section.14}{Example: Water-propelled rocket}{}% 73
\BOOKMARK [2][-]{subsection.14.1}{Phase 1: Water-thrust 0<t<t1}{section.14}% 74
\BOOKMARK [2][-]{subsection.14.2}{Phase 2: Air-thrust, t1<t<t2}{section.14}% 75
\BOOKMARK [1][-]{section.15}{Example: Geostationary Satellite}{}% 76
\BOOKMARK [2][-]{subsection.15.1}{Assumptions}{section.15}% 77
\BOOKMARK [2][-]{subsection.15.2}{Modelling}{section.15}% 78
\BOOKMARK [1][-]{section.16}{Zero Dynamics}{}% 79
\BOOKMARK [2][-]{subsection.16.1}{Zero Dynamics - Definition}{section.16}% 80
\BOOKMARK [2][-]{subsection.16.2}{Minimum Phase}{section.16}% 81
\BOOKMARK [2][-]{subsection.16.3}{Summary of the procedure}{section.16}% 82
\BOOKMARK [2][-]{subsection.16.4}{Example: Small SISO System}{section.16}% 83
\BOOKMARK [1][-]{section.17}{Nonlinear Systems}{}% 84
\BOOKMARK [2][-]{subsection.17.1}{Stability of Nonlinear First-Order Systems}{section.17}% 85
\BOOKMARK [2][-]{subsection.17.2}{Stability of Nonlinear Second-Order Systems}{section.17}% 86
\BOOKMARK [2][-]{subsection.17.3}{Example: Critical Nonlinear System}{section.17}% 87
\BOOKMARK [2][-]{subsection.17.4}{Lyapunov Principle - General Systems}{section.17}% 88
\BOOKMARK [2][-]{subsection.17.5}{Lyapunov Theory}{section.17}% 89
\BOOKMARK [3][-]{subsubsection.17.5.1}{Definitions}{subsection.17.5}% 90
\BOOKMARK [3][-]{subsubsection.17.5.2}{Theorem 1}{subsection.17.5}% 91
\BOOKMARK [3][-]{subsubsection.17.5.3}{Theorem 2}{subsection.17.5}% 92
\BOOKMARK [3][-]{subsubsection.17.5.4}{Finding suitable candidate functions}{subsection.17.5}% 93
\BOOKMARK [3][-]{subsubsection.17.5.5}{Example}{subsection.17.5}% 94
